<?xml version="1.0" encoding="utf-8"?><testsuites name="pytest tests"><testsuite name="pytest" errors="0" failures="0" skipped="0" tests="21" time="5.944" timestamp="2026-09-20T09:14:28.870612+00:00" hostname="agent-env-32428583-3423-46af-9e1a-9f1e2bad99f0"><testcase classname="tests.test_riyanmee_backend" name="test_root_ok" time="0.310" /><testcase classname="tests.test_riyanmee_backend" name="test_register_creates_free_member" time="0.378" /><testcase classname="tests.test_riyanmee_backend" name="test_register_duplicate_conflict" time="0.134" /><testcase classname="tests.test_riyanmee_backend" name="test_login_demo_success" time="0.372" /><testcase classname="tests.test_riyanmee_backend" name="test_login_wrong_password_401" time="0.363" /><testcase classname="tests.test_riyanmee_backend" name="test_me_without_token_401" time="0.138" /><testcase classname="tests.test_riyanmee_backend" name="test_me_with_token" time="0.488" /><testcase classname="tests.test_riyanmee_backend" name="test_change_password_wrong_current_400" time="0.331" /><testcase classname="tests.test_riyanmee_backend" name="test_whitelist_invalid_ip_400" time="0.109" /><testcase classname="tests.test_riyanmee_backend" name="test_whitelist_add_and_remove" time="0.458" /><testcase classname="tests.test_riyanmee_backend" name="test_reset_traffic_zeroes" time="0.147" /><testcase classname="tests.test_riyanmee_backend" name="test_my_ip_returns_ip" time="0.288" /><testcase classname="tests.test_riyanmee_backend" name="test_ip_info_valid" time="0.273" /><testcase classname="tests.test_riyanmee_backend" name="test_ip_info_invalid_400" time="0.111" /><testcase classname="tests.test_riyanmee_backend" name="test_hunt_each_mode_returns_12[ultimate]" time="0.186" /><testcase classname="tests.test_riyanmee_backend" name="test_hunt_each_mode_returns_12[full]" time="0.183" /><testcase classname="tests.test_riyanmee_backend" name="test_hunt_each_mode_returns_12[city]" time="0.182" /><testcase classname="tests.test_riyanmee_backend" name="test_hunt_each_mode_returns_12[isp]" time="0.187" /><testcase classname="tests.test_riyanmee_backend" name="test_hunt_invalid_ip_400" time="0.109" /><testcase classname="tests.test_riyanmee_backend" name="test_history_records_and_clear" time="0.775" /><testcase classname="tests.test_riyanmee_backend" name="test_history_requires_auth" time="0.110" /></testsuite></testsuites>