<?xml version="1.0" encoding="utf-8"?><testsuites name="pytest tests"><testsuite name="pytest" errors="0" failures="0" skipped="0" tests="10" time="4.413" timestamp="2026-09-20T09:34:29.442919+00:00" hostname="agent-env-32428583-3423-46af-9e1a-9f1e2bad99f0"><testcase classname="tests.test_review_iteration4" name="test_proxies_requires_auth" time="0.207" /><testcase classname="tests.test_review_iteration4" name="test_activate_requires_auth" time="0.118" /><testcase classname="tests.test_review_iteration4" name="test_get_plans_public" time="0.111" /><testcase classname="tests.test_review_iteration4" name="test_activate_invalid_plan_404" time="0.469" /><testcase classname="tests.test_review_iteration4" name="test_activate_pro90_extends_expiry" time="0.370" /><testcase classname="tests.test_review_iteration4" name="test_create_proxy_invalid_port" time="0.462" /><testcase classname="tests.test_review_iteration4" name="test_create_proxy_missing_label_or_host" time="0.481" /><testcase classname="tests.test_review_iteration4" name="test_create_and_list_and_soft_delete" time="0.787" /><testcase classname="tests.test_review_iteration4" name="test_hunt_prioritizes_owned_proxy" time="0.722" /><testcase classname="tests.test_review_iteration4" name="test_regression_hunt_and_ipinfo" time="0.375" /></testsuite></testsuites>