<?xml version="1.0" encoding="utf-8"?><testsuites name="pytest tests"><testsuite name="pytest" errors="0" failures="0" skipped="0" tests="15" time="6.576" timestamp="2026-09-20T08:56:09.942172+00:00" hostname="agent-env-32428583-3423-46af-9e1a-9f1e2bad99f0"><testcase classname="tests.test_review_iteration2" name="test_health" time="0.306" /><testcase classname="tests.test_review_iteration2" name="test_list_servers_seeded" time="0.074" /><testcase classname="tests.test_review_iteration2" name="test_ping_all" time="0.141" /><testcase classname="tests.test_review_iteration2" name="test_session_connect_disconnect" time="2.284" /><testcase classname="tests.test_review_iteration2" name="test_create_config_persists" time="0.189" /><testcase classname="tests.test_review_iteration2" name="test_update_config" time="0.065" /><testcase classname="tests.test_review_iteration2" name="test_config_test_real_ping" time="2.088" /><testcase classname="tests.test_review_iteration2" name="test_config_export_returns_blob" time="0.064" /><testcase classname="tests.test_review_iteration2" name="test_config_import_valid_blob" time="0.193" /><testcase classname="tests.test_review_iteration2" name="test_config_import_invalid_blob" time="0.123" /><testcase classname="tests.test_review_iteration2" name="test_delete_config_soft" time="0.194" /><testcase classname="tests.test_review_iteration2" name="test_get_logs" time="0.062" /><testcase classname="tests.test_review_iteration2" name="test_clear_logs" time="0.062" /><testcase classname="tests.test_review_iteration2" name="test_ip_check" time="0.297" /><testcase classname="tests.test_review_iteration2" name="test_speedtest" time="0.366" /></testsuite></testsuites>